build/app/intermediates/manifest_merge_blame_file/debug/manifest-merger-blame-debug-report.txt
1<?xml version="1.0" encoding="utf-8"?>
2<manifest xmlns:android="http://schemas.android.com/apk/res/android"
3    package="com.example.app"
4    android:versionCode="1"
5    android:versionName="1.0.0" >
6
7    <uses-sdk
8        android:minSdkVersion="21"
9        android:targetSdkVersion="31" />
10    <!--
11         Flutter needs it to communicate with the running application
12         to allow setting breakpoints, to provide hot reload, etc.
13    -->
14    <uses-permission android:name="android.permission.INTERNET" />
14-->src\debug\AndroidManifest.xml:6:5-66
14-->src\debug\AndroidManifest.xml:6:22-64
15    <uses-permission android:name="android.permission.ACCESS_NETWORK_STATE" />
15-->[:firebase_analytics] AndroidManifest.xml:7:5-79
15-->[:firebase_analytics] AndroidManifest.xml:7:22-76
16    <uses-permission android:name="android.permission.WAKE_LOCK" />
16-->[:firebase_analytics] AndroidManifest.xml:9:5-68
16-->[:firebase_analytics] AndroidManifest.xml:9:22-65
17
18    <queries>
18-->[:images_picker] AndroidManifest.xml:7:5-16:15
19        <package android:name="com.example.app" />
19-->[:images_picker] AndroidManifest.xml:8:9-52
19-->[:images_picker] AndroidManifest.xml:8:18-49
20
21        <intent>
21-->[:images_picker] AndroidManifest.xml:10:9-12:18
22            <action android:name="android.media.action.IMAGE_CAPTURE" />
22-->[:images_picker] AndroidManifest.xml:11:13-73
22-->[:images_picker] AndroidManifest.xml:11:21-70
23        </intent>
24        <intent>
24-->[:images_picker] AndroidManifest.xml:13:9-15:18
25            <action android:name="android.media.action.ACTION_VIDEO_CAPTURE" />
25-->[:images_picker] AndroidManifest.xml:14:13-80
25-->[:images_picker] AndroidManifest.xml:14:21-77
26        </intent>
27    </queries>
28
29    <uses-permission android:name="android.permission.READ_EXTERNAL_STORAGE" />
29-->[:images_picker] AndroidManifest.xml:18:5-80
29-->[:images_picker] AndroidManifest.xml:18:22-77
30    <uses-permission android:name="android.permission.WRITE_EXTERNAL_STORAGE" />
30-->[:images_picker] AndroidManifest.xml:19:5-81
30-->[:images_picker] AndroidManifest.xml:19:22-78
31    <uses-permission android:name="android.permission.CAMERA" />
31-->[:images_picker] AndroidManifest.xml:20:5-65
31-->[:images_picker] AndroidManifest.xml:20:22-62
32    <uses-permission android:name="android.permission.RECORD_AUDIO" />
32-->[:images_picker] AndroidManifest.xml:21:5-71
32-->[:images_picker] AndroidManifest.xml:21:22-68
33    <uses-permission android:name="com.google.android.finsky.permission.BIND_GET_INSTALL_REFERRER_SERVICE" /> <!-- Include required permissions for Advertising Id -->
33-->[com.google.android.gms:play-services-measurement:20.0.2] AndroidManifest.xml:26:5-110
33-->[com.google.android.gms:play-services-measurement:20.0.2] AndroidManifest.xml:26:22-107
34    <uses-permission android:name="com.google.android.gms.permission.AD_ID" />
34-->[com.google.android.gms:play-services-ads-identifier:18.0.0] AndroidManifest.xml:23:5-79
34-->[com.google.android.gms:play-services-ads-identifier:18.0.0] AndroidManifest.xml:23:22-76
35
36    <application
37        android:name="android.app.Application"
38        android:appComponentFactory="androidx.core.app.CoreComponentFactory"
38-->[androidx.core:core:1.7.0] AndroidManifest.xml:24:18-86
39        android:debuggable="true"
40        android:icon="@mipmap/launcher_icon"
41        android:label="app" >
42        <activity
43            android:name="com.example.app.MainActivity"
44            android:configChanges="orientation|keyboardHidden|keyboard|screenSize|smallestScreenSize|locale|layoutDirection|fontScale|screenLayout|density|uiMode"
45            android:exported="true"
46            android:hardwareAccelerated="true"
47            android:launchMode="singleTop"
48            android:theme="@style/LaunchTheme"
49            android:windowSoftInputMode="adjustResize" >
50
51            <!--
52                 Specifies an Android theme to apply to this Activity as soon as
53                 the Android process has started. This theme is visible to the user
54                 while the Flutter UI initializes. After that, this theme continues
55                 to determine the Window background behind the Flutter UI.
56            -->
57            <meta-data
58                android:name="io.flutter.embedding.android.NormalTheme"
59                android:resource="@style/NormalTheme" />
60
61            <intent-filter>
62                <action android:name="android.intent.action.MAIN" />
63
64                <category android:name="android.intent.category.LAUNCHER" />
65            </intent-filter>
66        </activity>
67        <!--
68             Don't delete the meta-data below.
69             This is used by the Flutter tool to generate GeneratedPluginRegistrant.java
70        -->
71        <meta-data
72            android:name="flutterEmbedding"
73            android:value="2" />
74
75        <service
75-->[:firebase_analytics] AndroidManifest.xml:12:9-16:19
76            android:name="com.google.firebase.components.ComponentDiscoveryService"
76-->[:firebase_analytics] AndroidManifest.xml:12:18-89
77            android:directBootAware="true"
77-->[com.google.firebase:firebase-common:20.0.0] AndroidManifest.xml:35:13-43
78            android:exported="false" >
78-->[com.google.firebase:firebase-auth:21.0.1] AndroidManifest.xml:76:13-37
79            <meta-data
79-->[:firebase_analytics] AndroidManifest.xml:13:13-15:85
80                android:name="com.google.firebase.components:io.flutter.plugins.firebase.analytics.FlutterFirebaseAppRegistrar"
80-->[:firebase_analytics] AndroidManifest.xml:14:17-128
81                android:value="com.google.firebase.components.ComponentRegistrar" />
81-->[:firebase_analytics] AndroidManifest.xml:15:17-82
82            <meta-data
82-->[:firebase_auth] AndroidManifest.xml:9:13-11:85
83                android:name="com.google.firebase.components:io.flutter.plugins.firebase.auth.FlutterFirebaseAuthRegistrar"
83-->[:firebase_auth] AndroidManifest.xml:10:17-124
84                android:value="com.google.firebase.components.ComponentRegistrar" />
84-->[:firebase_auth] AndroidManifest.xml:11:17-82
85            <meta-data
85-->[:firebase_storage] AndroidManifest.xml:9:13-11:85
86                android:name="com.google.firebase.components:io.flutter.plugins.firebase.storage.FlutterFirebaseAppRegistrar"
86-->[:firebase_storage] AndroidManifest.xml:10:17-126
87                android:value="com.google.firebase.components.ComponentRegistrar" />
87-->[:firebase_storage] AndroidManifest.xml:11:17-82
88            <meta-data
88-->[:cloud_firestore] AndroidManifest.xml:9:13-11:85
89                android:name="com.google.firebase.components:io.flutter.plugins.firebase.firestore.FlutterFirebaseFirestoreRegistrar"
89-->[:cloud_firestore] AndroidManifest.xml:10:17-134
90                android:value="com.google.firebase.components.ComponentRegistrar" />
90-->[:cloud_firestore] AndroidManifest.xml:11:17-82
91            <meta-data
91-->[:firebase_core] AndroidManifest.xml:9:13-11:85
92                android:name="com.google.firebase.components:io.flutter.plugins.firebase.core.FlutterFirebaseCoreRegistrar"
92-->[:firebase_core] AndroidManifest.xml:10:17-124
93                android:value="com.google.firebase.components.ComponentRegistrar" />
93-->[:firebase_core] AndroidManifest.xml:11:17-82
94            <meta-data
94-->[com.google.firebase:firebase-auth:21.0.1] AndroidManifest.xml:77:13-79:85
95                android:name="com.google.firebase.components:com.google.firebase.auth.FirebaseAuthRegistrar"
95-->[com.google.firebase:firebase-auth:21.0.1] AndroidManifest.xml:78:17-109
96                android:value="com.google.firebase.components.ComponentRegistrar" />
96-->[com.google.firebase:firebase-auth:21.0.1] AndroidManifest.xml:79:17-82
97            <meta-data
97-->[com.google.firebase:firebase-firestore:24.0.1] AndroidManifest.xml:20:13-22:85
98                android:name="com.google.firebase.components:com.google.firebase.firestore.FirestoreRegistrar"
98-->[com.google.firebase:firebase-firestore:24.0.1] AndroidManifest.xml:21:17-111
99                android:value="com.google.firebase.components.ComponentRegistrar" />
99-->[com.google.firebase:firebase-firestore:24.0.1] AndroidManifest.xml:22:17-82
100            <meta-data
100-->[com.google.firebase:firebase-storage:20.0.0] AndroidManifest.xml:33:13-35:85
101                android:name="com.google.firebase.components:com.google.firebase.storage.StorageRegistrar"
101-->[com.google.firebase:firebase-storage:20.0.0] AndroidManifest.xml:34:17-107
102                android:value="com.google.firebase.components.ComponentRegistrar" />
102-->[com.google.firebase:firebase-storage:20.0.0] AndroidManifest.xml:35:17-82
103            <meta-data
103-->[com.google.android.gms:play-services-measurement-api:20.0.2] AndroidManifest.xml:30:13-32:85
104                android:name="com.google.firebase.components:com.google.firebase.analytics.connector.internal.AnalyticsConnectorRegistrar"
104-->[com.google.android.gms:play-services-measurement-api:20.0.2] AndroidManifest.xml:31:17-139
105                android:value="com.google.firebase.components.ComponentRegistrar" />
105-->[com.google.android.gms:play-services-measurement-api:20.0.2] AndroidManifest.xml:32:17-82
106            <meta-data
106-->[com.google.firebase:firebase-installations:17.0.0] AndroidManifest.xml:18:13-20:85
107                android:name="com.google.firebase.components:com.google.firebase.installations.FirebaseInstallationsRegistrar"
107-->[com.google.firebase:firebase-installations:17.0.0] AndroidManifest.xml:19:17-127
108                android:value="com.google.firebase.components.ComponentRegistrar" />
108-->[com.google.firebase:firebase-installations:17.0.0] AndroidManifest.xml:20:17-82
109        </service>
110
111        <uses-library
111-->[androidx.window:window:1.0.0-beta04] AndroidManifest.xml:25:9-27:40
112            android:name="androidx.window.extensions"
112-->[androidx.window:window:1.0.0-beta04] AndroidManifest.xml:26:13-54
113            android:required="false" />
113-->[androidx.window:window:1.0.0-beta04] AndroidManifest.xml:27:13-37
114        <uses-library
114-->[androidx.window:window:1.0.0-beta04] AndroidManifest.xml:28:9-30:40
115            android:name="androidx.window.sidecar"
115-->[androidx.window:window:1.0.0-beta04] AndroidManifest.xml:29:13-51
116            android:required="false" />
116-->[androidx.window:window:1.0.0-beta04] AndroidManifest.xml:30:13-37
117
118        <activity
118-->[com.google.firebase:firebase-auth:21.0.1] AndroidManifest.xml:27:9-44:20
119            android:name="com.google.firebase.auth.internal.GenericIdpActivity"
119-->[com.google.firebase:firebase-auth:21.0.1] AndroidManifest.xml:28:13-80
120            android:excludeFromRecents="true"
120-->[com.google.firebase:firebase-auth:21.0.1] AndroidManifest.xml:29:13-46
121            android:exported="true"
121-->[com.google.firebase:firebase-auth:21.0.1] AndroidManifest.xml:30:13-36
122            android:launchMode="singleTask"
122-->[com.google.firebase:firebase-auth:21.0.1] AndroidManifest.xml:31:13-44
123            android:theme="@android:style/Theme.Translucent.NoTitleBar" >
123-->[com.google.firebase:firebase-auth:21.0.1] AndroidManifest.xml:32:13-72
124            <intent-filter>
124-->[com.google.firebase:firebase-auth:21.0.1] AndroidManifest.xml:33:13-43:29
125                <action android:name="android.intent.action.VIEW" />
125-->[com.google.firebase:firebase-auth:21.0.1] AndroidManifest.xml:34:17-69
125-->[com.google.firebase:firebase-auth:21.0.1] AndroidManifest.xml:34:25-66
126
127                <category android:name="android.intent.category.DEFAULT" />
127-->[com.google.firebase:firebase-auth:21.0.1] AndroidManifest.xml:36:17-76
127-->[com.google.firebase:firebase-auth:21.0.1] AndroidManifest.xml:36:27-73
128                <category android:name="android.intent.category.BROWSABLE" />
128-->[com.google.firebase:firebase-auth:21.0.1] AndroidManifest.xml:37:17-78
128-->[com.google.firebase:firebase-auth:21.0.1] AndroidManifest.xml:37:27-75
129
130                <data
130-->[com.google.firebase:firebase-auth:21.0.1] AndroidManifest.xml:39:17-42:51
131                    android:host="firebase.auth"
131-->[com.google.firebase:firebase-auth:21.0.1] AndroidManifest.xml:40:21-49
132                    android:path="/"
132-->[com.google.firebase:firebase-auth:21.0.1] AndroidManifest.xml:41:21-37
133                    android:scheme="genericidp" />
133-->[com.google.firebase:firebase-auth:21.0.1] AndroidManifest.xml:42:21-48
134            </intent-filter>
135        </activity>
136        <activity
136-->[com.google.firebase:firebase-auth:21.0.1] AndroidManifest.xml:45:9-62:20
137            android:name="com.google.firebase.auth.internal.RecaptchaActivity"
137-->[com.google.firebase:firebase-auth:21.0.1] AndroidManifest.xml:46:13-79
138            android:excludeFromRecents="true"
138-->[com.google.firebase:firebase-auth:21.0.1] AndroidManifest.xml:47:13-46
139            android:exported="true"
139-->[com.google.firebase:firebase-auth:21.0.1] AndroidManifest.xml:48:13-36
140            android:launchMode="singleTask"
140-->[com.google.firebase:firebase-auth:21.0.1] AndroidManifest.xml:49:13-44
141            android:theme="@android:style/Theme.Translucent.NoTitleBar" >
141-->[com.google.firebase:firebase-auth:21.0.1] AndroidManifest.xml:50:13-72
142            <intent-filter>
142-->[com.google.firebase:firebase-auth:21.0.1] AndroidManifest.xml:51:13-61:29
143                <action android:name="android.intent.action.VIEW" />
143-->[com.google.firebase:firebase-auth:21.0.1] AndroidManifest.xml:34:17-69
143-->[com.google.firebase:firebase-auth:21.0.1] AndroidManifest.xml:34:25-66
144
145                <category android:name="android.intent.category.DEFAULT" />
145-->[com.google.firebase:firebase-auth:21.0.1] AndroidManifest.xml:36:17-76
145-->[com.google.firebase:firebase-auth:21.0.1] AndroidManifest.xml:36:27-73
146                <category android:name="android.intent.category.BROWSABLE" />
146-->[com.google.firebase:firebase-auth:21.0.1] AndroidManifest.xml:37:17-78
146-->[com.google.firebase:firebase-auth:21.0.1] AndroidManifest.xml:37:27-75
147
148                <data
148-->[com.google.firebase:firebase-auth:21.0.1] AndroidManifest.xml:39:17-42:51
149                    android:host="firebase.auth"
149-->[com.google.firebase:firebase-auth:21.0.1] AndroidManifest.xml:40:21-49
150                    android:path="/"
150-->[com.google.firebase:firebase-auth:21.0.1] AndroidManifest.xml:41:21-37
151                    android:scheme="recaptcha" />
151-->[com.google.firebase:firebase-auth:21.0.1] AndroidManifest.xml:42:21-48
152            </intent-filter>
153        </activity>
154
155        <service
155-->[com.google.firebase:firebase-auth:21.0.1] AndroidManifest.xml:64:9-73:19
156            android:name="com.google.firebase.auth.api.fallback.service.FirebaseAuthFallbackService"
156-->[com.google.firebase:firebase-auth:21.0.1] AndroidManifest.xml:65:13-101
157            android:enabled="true"
157-->[com.google.firebase:firebase-auth:21.0.1] AndroidManifest.xml:66:13-35
158            android:exported="false" >
158-->[com.google.firebase:firebase-auth:21.0.1] AndroidManifest.xml:67:13-37
159            <intent-filter>
159-->[com.google.firebase:firebase-auth:21.0.1] AndroidManifest.xml:68:13-72:29
160                <action android:name="com.google.firebase.auth.api.gms.service.START" />
160-->[com.google.firebase:firebase-auth:21.0.1] AndroidManifest.xml:69:17-89
160-->[com.google.firebase:firebase-auth:21.0.1] AndroidManifest.xml:69:25-86
161
162                <category android:name="android.intent.category.DEFAULT" />
162-->[com.google.firebase:firebase-auth:21.0.1] AndroidManifest.xml:36:17-76
162-->[com.google.firebase:firebase-auth:21.0.1] AndroidManifest.xml:36:27-73
163            </intent-filter>
164        </service>
165
166        <provider
166-->[com.google.firebase:firebase-common:20.0.0] AndroidManifest.xml:26:9-31:39
167            android:name="com.google.firebase.provider.FirebaseInitProvider"
167-->[com.google.firebase:firebase-common:20.0.0] AndroidManifest.xml:27:13-77
168            android:authorities="com.example.app.firebaseinitprovider"
168-->[com.google.firebase:firebase-common:20.0.0] AndroidManifest.xml:28:13-72
169            android:directBootAware="true"
169-->[com.google.firebase:firebase-common:20.0.0] AndroidManifest.xml:29:13-43
170            android:exported="false"
170-->[com.google.firebase:firebase-common:20.0.0] AndroidManifest.xml:30:13-37
171            android:initOrder="100" />
171-->[com.google.firebase:firebase-common:20.0.0] AndroidManifest.xml:31:13-36
172        <provider
172-->[io.github.lucksiege:pictureselector:v2.7.3-rc10] AndroidManifest.xml:13:9-22:20
173            android:name="com.luck.picture.lib.PictureFileProvider"
173-->[io.github.lucksiege:pictureselector:v2.7.3-rc10] AndroidManifest.xml:14:13-68
174            android:authorities="com.example.app.luckProvider"
174-->[io.github.lucksiege:pictureselector:v2.7.3-rc10] AndroidManifest.xml:15:13-64
175            android:exported="false"
175-->[io.github.lucksiege:pictureselector:v2.7.3-rc10] AndroidManifest.xml:16:13-37
176            android:grantUriPermissions="true" >
176-->[io.github.lucksiege:pictureselector:v2.7.3-rc10] AndroidManifest.xml:17:13-47
177            <meta-data
177-->[io.github.lucksiege:pictureselector:v2.7.3-rc10] AndroidManifest.xml:18:13-21:25
178                android:name="android.support.FILE_PROVIDER_PATHS"
178-->[io.github.lucksiege:pictureselector:v2.7.3-rc10] AndroidManifest.xml:19:17-67
179                android:resource="@xml/file_paths" >
179-->[io.github.lucksiege:pictureselector:v2.7.3-rc10] AndroidManifest.xml:20:17-51
180            </meta-data>
181        </provider>
182
183        <activity
183-->[io.github.lucksiege:pictureselector:v2.7.3-rc10] AndroidManifest.xml:24:9-27:20
184            android:name="com.luck.picture.lib.PictureSelectorActivity"
184-->[io.github.lucksiege:pictureselector:v2.7.3-rc10] AndroidManifest.xml:25:13-72
185            android:configChanges="orientation|keyboardHidden|screenSize" >
185-->[io.github.lucksiege:pictureselector:v2.7.3-rc10] AndroidManifest.xml:26:13-74
186        </activity>
187        <activity
187-->[io.github.lucksiege:pictureselector:v2.7.3-rc10] AndroidManifest.xml:28:9-31:20
188            android:name="com.luck.picture.lib.PictureSelectorWeChatStyleActivity"
188-->[io.github.lucksiege:pictureselector:v2.7.3-rc10] AndroidManifest.xml:29:13-83
189            android:configChanges="orientation|keyboardHidden|screenSize" >
189-->[io.github.lucksiege:pictureselector:v2.7.3-rc10] AndroidManifest.xml:30:13-74
190        </activity>
191        <activity
191-->[io.github.lucksiege:pictureselector:v2.7.3-rc10] AndroidManifest.xml:32:9-36:20
192            android:name="com.luck.picture.lib.PictureSelectorCameraEmptyActivity"
192-->[io.github.lucksiege:pictureselector:v2.7.3-rc10] AndroidManifest.xml:33:13-83
193            android:configChanges="orientation|keyboardHidden|screenSize"
193-->[io.github.lucksiege:pictureselector:v2.7.3-rc10] AndroidManifest.xml:34:13-74
194            android:theme="@style/Picture.Theme.Translucent" >
194-->[io.github.lucksiege:pictureselector:v2.7.3-rc10] AndroidManifest.xml:35:13-61
195        </activity>
196        <activity
196-->[io.github.lucksiege:pictureselector:v2.7.3-rc10] AndroidManifest.xml:37:9-40:20
197            android:name="com.luck.picture.lib.PictureCustomCameraActivity"
197-->[io.github.lucksiege:pictureselector:v2.7.3-rc10] AndroidManifest.xml:38:13-76
198            android:configChanges="orientation|keyboardHidden|screenSize" >
198-->[io.github.lucksiege:pictureselector:v2.7.3-rc10] AndroidManifest.xml:39:13-74
199        </activity>
200        <activity
200-->[io.github.lucksiege:pictureselector:v2.7.3-rc10] AndroidManifest.xml:41:9-44:20
201            android:name="com.luck.picture.lib.PicturePreviewActivity"
201-->[io.github.lucksiege:pictureselector:v2.7.3-rc10] AndroidManifest.xml:42:13-71
202            android:configChanges="orientation|keyboardHidden|screenSize" >
202-->[io.github.lucksiege:pictureselector:v2.7.3-rc10] AndroidManifest.xml:43:13-74
203        </activity>
204        <activity
204-->[io.github.lucksiege:pictureselector:v2.7.3-rc10] AndroidManifest.xml:45:9-48:20
205            android:name="com.luck.picture.lib.PictureSelectorPreviewWeChatStyleActivity"
205-->[io.github.lucksiege:pictureselector:v2.7.3-rc10] AndroidManifest.xml:46:13-90
206            android:configChanges="orientation|keyboardHidden|screenSize" >
206-->[io.github.lucksiege:pictureselector:v2.7.3-rc10] AndroidManifest.xml:47:13-74
207        </activity>
208        <activity
208-->[io.github.lucksiege:pictureselector:v2.7.3-rc10] AndroidManifest.xml:49:9-53:20
209            android:name="com.luck.picture.lib.PictureVideoPlayActivity"
209-->[io.github.lucksiege:pictureselector:v2.7.3-rc10] AndroidManifest.xml:50:13-73
210            android:configChanges="orientation|keyboardHidden|screenSize"
210-->[io.github.lucksiege:pictureselector:v2.7.3-rc10] AndroidManifest.xml:51:13-74
211            android:screenOrientation="sensor" >
211-->[io.github.lucksiege:pictureselector:v2.7.3-rc10] AndroidManifest.xml:52:13-47
212        </activity>
213        <activity
213-->[io.github.lucksiege:pictureselector:v2.7.3-rc10] AndroidManifest.xml:54:9-57:20
214            android:name="com.luck.picture.lib.PictureExternalPreviewActivity"
214-->[io.github.lucksiege:pictureselector:v2.7.3-rc10] AndroidManifest.xml:55:13-79
215            android:configChanges="orientation|keyboardHidden|screenSize" >
215-->[io.github.lucksiege:pictureselector:v2.7.3-rc10] AndroidManifest.xml:56:13-74
216        </activity>
217        <activity
217-->[io.github.lucksiege:pictureselector:v2.7.3-rc10] AndroidManifest.xml:58:9-61:20
218            android:name="com.luck.picture.lib.PicturePlayAudioActivity"
218-->[io.github.lucksiege:pictureselector:v2.7.3-rc10] AndroidManifest.xml:59:13-73
219            android:configChanges="orientation|keyboardHidden|screenSize" >
219-->[io.github.lucksiege:pictureselector:v2.7.3-rc10] AndroidManifest.xml:60:13-74
220        </activity>
221        <activity
221-->[io.github.lucksiege:pictureselector:v2.7.3-rc10] AndroidManifest.xml:62:9-65:20
222            android:name="com.yalantis.ucrop.UCropActivity"
222-->[io.github.lucksiege:pictureselector:v2.7.3-rc10] AndroidManifest.xml:63:13-60
223            android:theme="@style/Base.Theme.NoActionBar" >
223-->[io.github.lucksiege:pictureselector:v2.7.3-rc10] AndroidManifest.xml:64:13-58
224        </activity>
225        <activity
225-->[io.github.lucksiege:pictureselector:v2.7.3-rc10] AndroidManifest.xml:66:9-69:20
226            android:name="com.yalantis.ucrop.PictureMultiCuttingActivity"
226-->[io.github.lucksiege:pictureselector:v2.7.3-rc10] AndroidManifest.xml:67:13-74
227            android:theme="@style/Base.Theme.NoActionBar" >
227-->[io.github.lucksiege:pictureselector:v2.7.3-rc10] AndroidManifest.xml:68:13-58
228        </activity>
229        <activity
229-->[com.google.android.gms:play-services-auth:20.0.1] AndroidManifest.xml:23:9-27:75
230            android:name="com.google.android.gms.auth.api.signin.internal.SignInHubActivity"
230-->[com.google.android.gms:play-services-auth:20.0.1] AndroidManifest.xml:24:13-93
231            android:excludeFromRecents="true"
231-->[com.google.android.gms:play-services-auth:20.0.1] AndroidManifest.xml:25:13-46
232            android:exported="false"
232-->[com.google.android.gms:play-services-auth:20.0.1] AndroidManifest.xml:26:13-37
233            android:theme="@android:style/Theme.Translucent.NoTitleBar" />
233-->[com.google.android.gms:play-services-auth:20.0.1] AndroidManifest.xml:27:13-72
234        <!--
235            Service handling Google Sign-In user revocation. For apps that do not integrate with
236            Google Sign-In, this service will never be started.
237        -->
238        <service
238-->[com.google.android.gms:play-services-auth:20.0.1] AndroidManifest.xml:33:9-37:51
239            android:name="com.google.android.gms.auth.api.signin.RevocationBoundService"
239-->[com.google.android.gms:play-services-auth:20.0.1] AndroidManifest.xml:34:13-89
240            android:exported="true"
240-->[com.google.android.gms:play-services-auth:20.0.1] AndroidManifest.xml:35:13-36
241            android:permission="com.google.android.gms.auth.api.signin.permission.REVOCATION_NOTIFICATION"
241-->[com.google.android.gms:play-services-auth:20.0.1] AndroidManifest.xml:36:13-107
242            android:visibleToInstantApps="true" />
242-->[com.google.android.gms:play-services-auth:20.0.1] AndroidManifest.xml:37:13-48
243
244        <receiver
244-->[com.google.android.gms:play-services-measurement:20.0.2] AndroidManifest.xml:29:9-33:20
245            android:name="com.google.android.gms.measurement.AppMeasurementReceiver"
245-->[com.google.android.gms:play-services-measurement:20.0.2] AndroidManifest.xml:30:13-85
246            android:enabled="true"
246-->[com.google.android.gms:play-services-measurement:20.0.2] AndroidManifest.xml:31:13-35
247            android:exported="false" >
247-->[com.google.android.gms:play-services-measurement:20.0.2] AndroidManifest.xml:32:13-37
248        </receiver>
249
250        <service
250-->[com.google.android.gms:play-services-measurement:20.0.2] AndroidManifest.xml:35:9-38:40
251            android:name="com.google.android.gms.measurement.AppMeasurementService"
251-->[com.google.android.gms:play-services-measurement:20.0.2] AndroidManifest.xml:36:13-84
252            android:enabled="true"
252-->[com.google.android.gms:play-services-measurement:20.0.2] AndroidManifest.xml:37:13-35
253            android:exported="false" />
253-->[com.google.android.gms:play-services-measurement:20.0.2] AndroidManifest.xml:38:13-37
254        <service
254-->[com.google.android.gms:play-services-measurement:20.0.2] AndroidManifest.xml:39:9-43:72
255            android:name="com.google.android.gms.measurement.AppMeasurementJobService"
255-->[com.google.android.gms:play-services-measurement:20.0.2] AndroidManifest.xml:40:13-87
256            android:enabled="true"
256-->[com.google.android.gms:play-services-measurement:20.0.2] AndroidManifest.xml:41:13-35
257            android:exported="false"
257-->[com.google.android.gms:play-services-measurement:20.0.2] AndroidManifest.xml:42:13-37
258            android:permission="android.permission.BIND_JOB_SERVICE" />
258-->[com.google.android.gms:play-services-measurement:20.0.2] AndroidManifest.xml:43:13-69
259
260        <activity
260-->[com.google.android.gms:play-services-base:18.0.1] AndroidManifest.xml:20:9-22:45
261            android:name="com.google.android.gms.common.api.GoogleApiActivity"
261-->[com.google.android.gms:play-services-base:18.0.1] AndroidManifest.xml:20:19-85
262            android:exported="false"
262-->[com.google.android.gms:play-services-base:18.0.1] AndroidManifest.xml:22:19-43
263            android:theme="@android:style/Theme.Translucent.NoTitleBar" />
263-->[com.google.android.gms:play-services-base:18.0.1] AndroidManifest.xml:21:19-78
264
265        <meta-data
265-->[com.google.android.gms:play-services-basement:18.0.0] AndroidManifest.xml:21:9-23:69
266            android:name="com.google.android.gms.version"
266-->[com.google.android.gms:play-services-basement:18.0.0] AndroidManifest.xml:22:13-58
267            android:value="@integer/google_play_services_version" />
267-->[com.google.android.gms:play-services-basement:18.0.0] AndroidManifest.xml:23:13-66
268        <!--
269        Service for holding metadata. Cannot be instantiated.
270        Metadata will be merged from other manifests.
271        -->
272        <service
272-->[androidx.camera:camera-core:1.1.0-alpha10] AndroidManifest.xml:31:9-35:45
273            android:name="androidx.camera.core.impl.MetadataHolderService"
273-->[androidx.camera:camera-core:1.1.0-alpha10] AndroidManifest.xml:32:13-75
274            android:enabled="false"
274-->[androidx.camera:camera-core:1.1.0-alpha10] AndroidManifest.xml:33:13-36
275            android:exported="false" />
275-->[androidx.camera:camera-core:1.1.0-alpha10] AndroidManifest.xml:34:13-37
276    </application>
277
278</manifest>